[0.034s] Invoking command in '/home/orangepi/ros2_ws/build/imu_driver': CMAKE_PREFIX_PATH=/opt/ros/humble /usr/bin/cmake /home/orangepi/ros2_ws/src/imu_driver -DCMAKE_INSTALL_PREFIX=/home/orangepi/ros2_ws/install/imu_driver
[0.269s] -- The C compiler identification is GNU 11.4.0
[0.479s] -- The CXX compiler identification is GNU 11.4.0
[0.506s] -- Detecting C compiler ABI info
[0.779s] -- Detecting C compiler ABI info - done
[0.830s] -- Check for working C compiler: /usr/bin/cc - skipped
[0.832s] -- Detecting C compile features
[0.835s] -- Detecting C compile features - done
[0.848s] -- Detecting CXX compiler ABI info
[1.122s] -- Detecting CXX compiler ABI info - done
[1.139s] -- Check for working CXX compiler: /usr/bin/c++ - skipped
[1.140s] -- Detecting CXX compile features
[1.141s] -- Detecting CXX compile features - done
[1.146s] -- Found ament_cmake: 1.3.12 (/opt/ros/humble/share/ament_cmake/cmake)
[1.569s] -- Found Python3: /usr/bin/python3 (found version "3.10.12") found components: Interpreter 
[1.815s] -- Found rclcpp: 16.0.16 (/opt/ros/humble/share/rclcpp/cmake)
[1.922s] -- Found rosidl_generator_c: 3.1.7 (/opt/ros/humble/share/rosidl_generator_c/cmake)
[1.931s] -- Found rosidl_adapter: 3.1.7 (/opt/ros/humble/share/rosidl_adapter/cmake)
[1.948s] -- Found rosidl_generator_cpp: 3.1.7 (/opt/ros/humble/share/rosidl_generator_cpp/cmake)
[1.989s] -- Using all available rosidl_typesupport_c: rosidl_typesupport_fastrtps_c;rosidl_typesupport_introspection_c
[2.019s] -- Using all available rosidl_typesupport_cpp: rosidl_typesupport_fastrtps_cpp;rosidl_typesupport_introspection_cpp
[2.131s] -- Found rmw_implementation_cmake: 6.1.2 (/opt/ros/humble/share/rmw_implementation_cmake/cmake)
[2.136s] -- Found rmw_fastrtps_cpp: 6.2.9 (/opt/ros/humble/share/rmw_fastrtps_cpp/cmake)
[2.353s] -- Found OpenSSL: /usr/lib/aarch64-linux-gnu/libcrypto.so (found version "3.0.2")  
[2.417s] -- Found FastRTPS: /opt/ros/humble/include  
[2.493s] -- Using RMW implementation 'rmw_fastrtps_cpp' as default
[2.526s] -- Looking for pthread.h
[2.784s] -- Looking for pthread.h - found
[2.784s] -- Performing Test CMAKE_HAVE_LIBC_PTHREAD
[3.034s] -- Performing Test CMAKE_HAVE_LIBC_PTHREAD - Success
[3.036s] -- Found Threads: TRUE  
[3.172s] -- Found sensor_msgs: 4.9.0 (/opt/ros/humble/share/sensor_msgs/cmake)
[3.378s] -- Configuring done
[3.397s] -- Generating done
[3.404s] -- Build files have been written to: /home/orangepi/ros2_ws/build/imu_driver
[3.436s] Invoked command in '/home/orangepi/ros2_ws/build/imu_driver' returned '0': CMAKE_PREFIX_PATH=/opt/ros/humble /usr/bin/cmake /home/orangepi/ros2_ws/src/imu_driver -DCMAKE_INSTALL_PREFIX=/home/orangepi/ros2_ws/install/imu_driver
[3.439s] Invoking command in '/home/orangepi/ros2_ws/build/imu_driver': CMAKE_PREFIX_PATH=/opt/ros/humble /usr/bin/cmake --build /home/orangepi/ros2_ws/build/imu_driver -- -j8 -l8
[3.623s] [ 50%] [32mBuilding CXX object CMakeFiles/imu_node.dir/src/imu_node.cpp.o[0m
[7.880s] [01m[K/home/orangepi/ros2_ws/src/imu_driver/src/imu_node.cpp:[m[K In function ‘[01m[Kint open_serial(const string&, int)[m[K’:
[7.880s] [01m[K/home/orangepi/ros2_ws/src/imu_driver/src/imu_node.cpp:13:46:[m[K [01;35m[Kwarning: [m[Kunused parameter ‘[01m[Kbaud_rate[m[K’ [[01;35m[K]8;;https://gcc.gnu.org/onlinedocs/gcc/Warning-Options.html#index-Wunused-parameter-Wunused-parameter]8;;[m[K]
[7.881s]    13 | int open_serial(const std::string &port, [01;35m[Kint baud_rate[m[K)
[7.881s]       |                                          [01;35m[K~~~~^~~~~~~~~[m[K
[11.045s] [100%] [32m[1mLinking CXX executable imu_node[0m
[11.616s] [100%] Built target imu_node
[11.670s] Invoked command in '/home/orangepi/ros2_ws/build/imu_driver' returned '0': CMAKE_PREFIX_PATH=/opt/ros/humble /usr/bin/cmake --build /home/orangepi/ros2_ws/build/imu_driver -- -j8 -l8
[11.704s] Invoking command in '/home/orangepi/ros2_ws/build/imu_driver': CMAKE_PREFIX_PATH=/opt/ros/humble /usr/bin/cmake --install /home/orangepi/ros2_ws/build/imu_driver
[11.734s] -- Install configuration: ""
[11.735s] -- Installing: /home/orangepi/ros2_ws/install/imu_driver/lib/imu_driver/imu_node
[11.738s] -- Set runtime path of "/home/orangepi/ros2_ws/install/imu_driver/lib/imu_driver/imu_node" to ""
[11.740s] -- Installing: /home/orangepi/ros2_ws/install/imu_driver/share/ament_index/resource_index/package_run_dependencies/imu_driver
[11.740s] -- Installing: /home/orangepi/ros2_ws/install/imu_driver/share/ament_index/resource_index/parent_prefix_path/imu_driver
[11.740s] -- Installing: /home/orangepi/ros2_ws/install/imu_driver/share/imu_driver/environment/ament_prefix_path.sh
[11.741s] -- Installing: /home/orangepi/ros2_ws/install/imu_driver/share/imu_driver/environment/ament_prefix_path.dsv
[11.742s] -- Installing: /home/orangepi/ros2_ws/install/imu_driver/share/imu_driver/environment/path.sh
[11.742s] -- Installing: /home/orangepi/ros2_ws/install/imu_driver/share/imu_driver/environment/path.dsv
[11.742s] -- Installing: /home/orangepi/ros2_ws/install/imu_driver/share/imu_driver/local_setup.bash
[11.743s] -- Installing: /home/orangepi/ros2_ws/install/imu_driver/share/imu_driver/local_setup.sh
[11.743s] -- Installing: /home/orangepi/ros2_ws/install/imu_driver/share/imu_driver/local_setup.zsh
[11.744s] -- Installing: /home/orangepi/ros2_ws/install/imu_driver/share/imu_driver/local_setup.dsv
[11.744s] -- Installing: /home/orangepi/ros2_ws/install/imu_driver/share/imu_driver/package.dsv
[11.745s] -- Installing: /home/orangepi/ros2_ws/install/imu_driver/share/ament_index/resource_index/packages/imu_driver
[11.745s] -- Installing: /home/orangepi/ros2_ws/install/imu_driver/share/imu_driver/cmake/imu_driverConfig.cmake
[11.745s] -- Installing: /home/orangepi/ros2_ws/install/imu_driver/share/imu_driver/cmake/imu_driverConfig-version.cmake
[11.746s] -- Installing: /home/orangepi/ros2_ws/install/imu_driver/share/imu_driver/package.xml
[11.753s] Invoked command in '/home/orangepi/ros2_ws/build/imu_driver' returned '0': CMAKE_PREFIX_PATH=/opt/ros/humble /usr/bin/cmake --install /home/orangepi/ros2_ws/build/imu_driver
