[0.022s] Invoking command in '/home/orangepi/ros2_ws/build/imu_driver': CMAKE_PREFIX_PATH=${CMAKE_PREFIX_PATH}:/opt/ros/humble /usr/bin/cmake --build /home/orangepi/ros2_ws/build/imu_driver -- -j8 -l8
[0.195s] [35m[1mConsolidate compiler generated dependencies of target imu_node[0m
[0.276s] [ 50%] [32mBuilding CXX object CMakeFiles/imu_node.dir/src/imu_node.cpp.o[0m
[10.190s] [100%] [32m[1mLinking CXX executable imu_node[0m
[10.876s] [100%] Built target imu_node
[10.912s] Invoked command in '/home/orangepi/ros2_ws/build/imu_driver' returned '0': CMAKE_PREFIX_PATH=${CMAKE_PREFIX_PATH}:/opt/ros/humble /usr/bin/cmake --build /home/orangepi/ros2_ws/build/imu_driver -- -j8 -l8
[10.944s] Invoking command in '/home/orangepi/ros2_ws/build/imu_driver': CMAKE_PREFIX_PATH=${CMAKE_PREFIX_PATH}:/opt/ros/humble /usr/bin/cmake --install /home/orangepi/ros2_ws/build/imu_driver
[10.961s] -- Install configuration: ""
[10.962s] -- Installing: /home/orangepi/ros2_ws/install/imu_driver/lib/imu_driver/imu_node
[10.966s] -- Set runtime path of "/home/orangepi/ros2_ws/install/imu_driver/lib/imu_driver/imu_node" to ""
[10.966s] -- Up-to-date: /home/orangepi/ros2_ws/install/imu_driver/share/ament_index/resource_index/package_run_dependencies/imu_driver
[10.966s] -- Up-to-date: /home/orangepi/ros2_ws/install/imu_driver/share/ament_index/resource_index/parent_prefix_path/imu_driver
[10.966s] -- Up-to-date: /home/orangepi/ros2_ws/install/imu_driver/share/imu_driver/environment/ament_prefix_path.sh
[10.966s] -- Up-to-date: /home/orangepi/ros2_ws/install/imu_driver/share/imu_driver/environment/ament_prefix_path.dsv
[10.967s] -- Up-to-date: /home/orangepi/ros2_ws/install/imu_driver/share/imu_driver/environment/path.sh
[10.967s] -- Up-to-date: /home/orangepi/ros2_ws/install/imu_driver/share/imu_driver/environment/path.dsv
[10.967s] -- Up-to-date: /home/orangepi/ros2_ws/install/imu_driver/share/imu_driver/local_setup.bash
[10.967s] -- Up-to-date: /home/orangepi/ros2_ws/install/imu_driver/share/imu_driver/local_setup.sh
[10.967s] -- Up-to-date: /home/orangepi/ros2_ws/install/imu_driver/share/imu_driver/local_setup.zsh
[10.967s] -- Up-to-date: /home/orangepi/ros2_ws/install/imu_driver/share/imu_driver/local_setup.dsv
[10.967s] -- Installing: /home/orangepi/ros2_ws/install/imu_driver/share/imu_driver/package.dsv
[10.967s] -- Up-to-date: /home/orangepi/ros2_ws/install/imu_driver/share/ament_index/resource_index/packages/imu_driver
[10.967s] -- Up-to-date: /home/orangepi/ros2_ws/install/imu_driver/share/imu_driver/cmake/imu_driverConfig.cmake
[10.967s] -- Up-to-date: /home/orangepi/ros2_ws/install/imu_driver/share/imu_driver/cmake/imu_driverConfig-version.cmake
[10.967s] -- Up-to-date: /home/orangepi/ros2_ws/install/imu_driver/share/imu_driver/package.xml
[10.972s] Invoked command in '/home/orangepi/ros2_ws/build/imu_driver' returned '0': CMAKE_PREFIX_PATH=${CMAKE_PREFIX_PATH}:/opt/ros/humble /usr/bin/cmake --install /home/orangepi/ros2_ws/build/imu_driver
