[0.005s] Invoking command in '/home/zhu/ros2_ws/build/witmotion_ros2': CMAKE_PREFIX_PATH=/opt/ros/humble /usr/bin/cmake --build /home/zhu/ros2_ws/build/witmotion_ros2 -- -j24 -l24
[0.032s] [ 33%] [32mBuilding CXX object CMakeFiles/witmotion_ros2.dir/src/witmotion_node.cpp.o[0m
[0.032s] [ 66%] [32mBuilding CXX object CMakeFiles/witmotion_ros2.dir/src/witmotion_handler.cpp.o[0m
[7.690s] [100%] [32m[1mLinking CXX executable witmotion_ros2[0m
[8.055s] [100%] Built target witmotion_ros2
[8.061s] Invoked command in '/home/zhu/ros2_ws/build/witmotion_ros2' returned '0': CMAKE_PREFIX_PATH=/opt/ros/humble /usr/bin/cmake --build /home/zhu/ros2_ws/build/witmotion_ros2 -- -j24 -l24
[8.066s] Invoking command in '/home/zhu/ros2_ws/build/witmotion_ros2': CMAKE_PREFIX_PATH=/opt/ros/humble /usr/bin/cmake --install /home/zhu/ros2_ws/build/witmotion_ros2
[8.070s] -- Install configuration: ""
[8.070s] -- Installing: /home/zhu/ros2_ws/install/witmotion_ros2/lib/witmotion_ros2/witmotion_ros2
[8.072s] -- Set runtime path of "/home/zhu/ros2_ws/install/witmotion_ros2/lib/witmotion_ros2/witmotion_ros2" to ""
[8.072s] -- Installing: /home/zhu/ros2_ws/install/witmotion_ros2/share/witmotion_ros2/launch
[8.072s] -- Installing: /home/zhu/ros2_ws/install/witmotion_ros2/share/witmotion_ros2/launch/witmotion.launch.py
[8.073s] -- Installing: /home/zhu/ros2_ws/install/witmotion_ros2/share/witmotion_ros2/config
[8.073s] -- Installing: /home/zhu/ros2_ws/install/witmotion_ros2/share/witmotion_ros2/config/witmotion.yaml
[8.073s] -- Installing: /home/zhu/ros2_ws/install/witmotion_ros2/share/ament_index/resource_index/package_run_dependencies/witmotion_ros2
[8.073s] -- Installing: /home/zhu/ros2_ws/install/witmotion_ros2/share/ament_index/resource_index/parent_prefix_path/witmotion_ros2
[8.073s] -- Installing: /home/zhu/ros2_ws/install/witmotion_ros2/share/witmotion_ros2/environment/ament_prefix_path.sh
[8.073s] -- Installing: /home/zhu/ros2_ws/install/witmotion_ros2/share/witmotion_ros2/environment/ament_prefix_path.dsv
[8.073s] -- Installing: /home/zhu/ros2_ws/install/witmotion_ros2/share/witmotion_ros2/environment/path.sh
[8.073s] -- Installing: /home/zhu/ros2_ws/install/witmotion_ros2/share/witmotion_ros2/environment/path.dsv
[8.074s] -- Installing: /home/zhu/ros2_ws/install/witmotion_ros2/share/witmotion_ros2/local_setup.bash
[8.074s] -- Installing: /home/zhu/ros2_ws/install/witmotion_ros2/share/witmotion_ros2/local_setup.sh
[8.074s] -- Installing: /home/zhu/ros2_ws/install/witmotion_ros2/share/witmotion_ros2/local_setup.zsh
[8.074s] -- Installing: /home/zhu/ros2_ws/install/witmotion_ros2/share/witmotion_ros2/local_setup.dsv
[8.074s] -- Up-to-date: /home/zhu/ros2_ws/install/witmotion_ros2/share/witmotion_ros2/package.dsv
[8.074s] -- Installing: /home/zhu/ros2_ws/install/witmotion_ros2/share/ament_index/resource_index/packages/witmotion_ros2
[8.074s] -- Installing: /home/zhu/ros2_ws/install/witmotion_ros2/share/witmotion_ros2/cmake/witmotion_ros2Config.cmake
[8.074s] -- Installing: /home/zhu/ros2_ws/install/witmotion_ros2/share/witmotion_ros2/cmake/witmotion_ros2Config-version.cmake
[8.074s] -- Installing: /home/zhu/ros2_ws/install/witmotion_ros2/share/witmotion_ros2/package.xml
[8.075s] Invoked command in '/home/zhu/ros2_ws/build/witmotion_ros2' returned '0': CMAKE_PREFIX_PATH=/opt/ros/humble /usr/bin/cmake --install /home/zhu/ros2_ws/build/witmotion_ros2
