[0.025s] Invoking command in '/home/orangepi/ros2_ws/build/imu_driver': CMAKE_PREFIX_PATH=${CMAKE_PREFIX_PATH}:/opt/ros/humble /usr/bin/cmake --build /home/orangepi/ros2_ws/build/imu_driver -- -j8 -l8
[0.197s] [35m[1mConsolidate compiler generated dependencies of target imu_node[0m
[0.254s] [ 50%] [32mBuilding CXX object CMakeFiles/imu_node.dir/src/imu_node.cpp.o[0m
[9.448s] [100%] [32m[1mLinking CXX executable imu_node[0m
[10.047s] [100%] Built target imu_node
[10.096s] Invoked command in '/home/orangepi/ros2_ws/build/imu_driver' returned '0': CMAKE_PREFIX_PATH=${CMAKE_PREFIX_PATH}:/opt/ros/humble /usr/bin/cmake --build /home/orangepi/ros2_ws/build/imu_driver -- -j8 -l8
[10.138s] Invoking command in '/home/orangepi/ros2_ws/build/imu_driver': CMAKE_PREFIX_PATH=${CMAKE_PREFIX_PATH}:/opt/ros/humble /usr/bin/cmake --install /home/orangepi/ros2_ws/build/imu_driver
[10.168s] -- Install configuration: ""
[10.168s] -- Installing: /home/orangepi/ros2_ws/install/imu_driver/lib/imu_driver/imu_node
[10.174s] -- Set runtime path of "/home/orangepi/ros2_ws/install/imu_driver/lib/imu_driver/imu_node" to ""
[10.174s] -- Up-to-date: /home/orangepi/ros2_ws/install/imu_driver/share/ament_index/resource_index/package_run_dependencies/imu_driver
[10.175s] -- Up-to-date: /home/orangepi/ros2_ws/install/imu_driver/share/ament_index/resource_index/parent_prefix_path/imu_driver
[10.175s] -- Up-to-date: /home/orangepi/ros2_ws/install/imu_driver/share/imu_driver/environment/ament_prefix_path.sh
[10.176s] -- Up-to-date: /home/orangepi/ros2_ws/install/imu_driver/share/imu_driver/environment/ament_prefix_path.dsv
[10.176s] -- Up-to-date: /home/orangepi/ros2_ws/install/imu_driver/share/imu_driver/environment/path.sh
[10.176s] -- Up-to-date: /home/orangepi/ros2_ws/install/imu_driver/share/imu_driver/environment/path.dsv
[10.177s] -- Up-to-date: /home/orangepi/ros2_ws/install/imu_driver/share/imu_driver/local_setup.bash
[10.177s] -- Up-to-date: /home/orangepi/ros2_ws/install/imu_driver/share/imu_driver/local_setup.sh
[10.178s] -- Up-to-date: /home/orangepi/ros2_ws/install/imu_driver/share/imu_driver/local_setup.zsh
[10.178s] -- Up-to-date: /home/orangepi/ros2_ws/install/imu_driver/share/imu_driver/local_setup.dsv
[10.178s] -- Installing: /home/orangepi/ros2_ws/install/imu_driver/share/imu_driver/package.dsv
[10.180s] -- Up-to-date: /home/orangepi/ros2_ws/install/imu_driver/share/ament_index/resource_index/packages/imu_driver
[10.182s] -- Up-to-date: /home/orangepi/ros2_ws/install/imu_driver/share/imu_driver/cmake/imu_driverConfig.cmake
[10.183s] -- Up-to-date: /home/orangepi/ros2_ws/install/imu_driver/share/imu_driver/cmake/imu_driverConfig-version.cmake
[10.183s] -- Up-to-date: /home/orangepi/ros2_ws/install/imu_driver/share/imu_driver/package.xml
[10.185s] Invoked command in '/home/orangepi/ros2_ws/build/imu_driver' returned '0': CMAKE_PREFIX_PATH=${CMAKE_PREFIX_PATH}:/opt/ros/humble /usr/bin/cmake --install /home/orangepi/ros2_ws/build/imu_driver
