[0.019s] Invoking command in '/home/orangepi/ros2_ws/build/imu_driver': CMAKE_PREFIX_PATH=${CMAKE_PREFIX_PATH}:/opt/ros/humble /usr/bin/cmake --build /home/orangepi/ros2_ws/build/imu_driver -- -j8 -l8
[0.221s] [ 50%] [32mBuilding CXX object CMakeFiles/imu_node.dir/src/imu_node.cpp.o[0m
[8.383s] [100%] [32m[1mLinking CXX executable imu_node[0m
[8.967s] [100%] Built target imu_node
[9.018s] Invoked command in '/home/orangepi/ros2_ws/build/imu_driver' returned '0': CMAKE_PREFIX_PATH=${CMAKE_PREFIX_PATH}:/opt/ros/humble /usr/bin/cmake --build /home/orangepi/ros2_ws/build/imu_driver -- -j8 -l8
[9.059s] Invoking command in '/home/orangepi/ros2_ws/build/imu_driver': CMAKE_PREFIX_PATH=${CMAKE_PREFIX_PATH}:/opt/ros/humble /usr/bin/cmake --install /home/orangepi/ros2_ws/build/imu_driver
[9.086s] -- Install configuration: ""
[9.091s] -- Installing: /home/orangepi/ros2_ws/install/imu_driver/lib/imu_driver/imu_node
[9.099s] -- Set runtime path of "/home/orangepi/ros2_ws/install/imu_driver/lib/imu_driver/imu_node" to ""
[9.099s] -- Up-to-date: /home/orangepi/ros2_ws/install/imu_driver/share/ament_index/resource_index/package_run_dependencies/imu_driver
[9.100s] -- Up-to-date: /home/orangepi/ros2_ws/install/imu_driver/share/ament_index/resource_index/parent_prefix_path/imu_driver
[9.100s] -- Up-to-date: /home/orangepi/ros2_ws/install/imu_driver/share/imu_driver/environment/ament_prefix_path.sh
[9.101s] -- Up-to-date: /home/orangepi/ros2_ws/install/imu_driver/share/imu_driver/environment/ament_prefix_path.dsv
[9.102s] -- Up-to-date: /home/orangepi/ros2_ws/install/imu_driver/share/imu_driver/environment/path.sh
[9.103s] -- Up-to-date: /home/orangepi/ros2_ws/install/imu_driver/share/imu_driver/environment/path.dsv
[9.105s] -- Up-to-date: /home/orangepi/ros2_ws/install/imu_driver/share/imu_driver/local_setup.bash
[9.105s] -- Up-to-date: /home/orangepi/ros2_ws/install/imu_driver/share/imu_driver/local_setup.sh
[9.106s] -- Up-to-date: /home/orangepi/ros2_ws/install/imu_driver/share/imu_driver/local_setup.zsh
[9.107s] -- Up-to-date: /home/orangepi/ros2_ws/install/imu_driver/share/imu_driver/local_setup.dsv
[9.108s] -- Installing: /home/orangepi/ros2_ws/install/imu_driver/share/imu_driver/package.dsv
[9.109s] -- Up-to-date: /home/orangepi/ros2_ws/install/imu_driver/share/ament_index/resource_index/packages/imu_driver
[9.109s] -- Up-to-date: /home/orangepi/ros2_ws/install/imu_driver/share/imu_driver/cmake/imu_driverConfig.cmake
[9.111s] -- Up-to-date: /home/orangepi/ros2_ws/install/imu_driver/share/imu_driver/cmake/imu_driverConfig-version.cmake
[9.112s] -- Up-to-date: /home/orangepi/ros2_ws/install/imu_driver/share/imu_driver/package.xml
[9.113s] Invoked command in '/home/orangepi/ros2_ws/build/imu_driver' returned '0': CMAKE_PREFIX_PATH=${CMAKE_PREFIX_PATH}:/opt/ros/humble /usr/bin/cmake --install /home/orangepi/ros2_ws/build/imu_driver
