[0.022s] Invoking command in '/home/orangepi/ros2_ws/build/witmotion_ros2': CMAKE_PREFIX_PATH=${CMAKE_PREFIX_PATH}:/opt/ros/humble /usr/bin/cmake /home/orangepi/ros2_ws/src/jy901_for_ros2-main -DCMAKE_INSTALL_PREFIX=/home/orangepi/ros2_ws/install/witmotion_ros2
[0.261s] -- The C compiler identification is GNU 11.4.0
[0.497s] -- The CXX compiler identification is GNU 11.4.0
[0.527s] -- Detecting C compiler ABI info
[0.776s] -- Detecting C compiler ABI info - done
[0.818s] -- Check for working C compiler: /usr/bin/cc - skipped
[0.819s] -- Detecting C compile features
[0.823s] -- Detecting C compile features - done
[0.836s] -- Detecting CXX compiler ABI info
[1.090s] -- Detecting CXX compiler ABI info - done
[1.128s] -- Check for working CXX compiler: /usr/bin/c++ - skipped
[1.129s] -- Detecting CXX compile features
[1.132s] -- Detecting CXX compile features - done
[1.145s] -- Found ament_cmake_auto: 1.3.12 (/opt/ros/humble/share/ament_cmake_auto/cmake)
[1.587s] -- Found Python3: /usr/bin/python3 (found version "3.10.12") found components: Interpreter 
[1.836s] -- Found rclcpp: 16.0.16 (/opt/ros/humble/share/rclcpp/cmake)
[1.925s] -- Found rosidl_generator_c: 3.1.7 (/opt/ros/humble/share/rosidl_generator_c/cmake)
[1.931s] -- Found rosidl_adapter: 3.1.7 (/opt/ros/humble/share/rosidl_adapter/cmake)
[1.943s] -- Found rosidl_generator_cpp: 3.1.7 (/opt/ros/humble/share/rosidl_generator_cpp/cmake)
[1.962s] -- Using all available rosidl_typesupport_c: rosidl_typesupport_fastrtps_c;rosidl_typesupport_introspection_c
[1.987s] -- Using all available rosidl_typesupport_cpp: rosidl_typesupport_fastrtps_cpp;rosidl_typesupport_introspection_cpp
[2.074s] -- Found rmw_implementation_cmake: 6.1.2 (/opt/ros/humble/share/rmw_implementation_cmake/cmake)
[2.077s] -- Found rmw_fastrtps_cpp: 6.2.9 (/opt/ros/humble/share/rmw_fastrtps_cpp/cmake)
[2.310s] -- Found OpenSSL: /usr/lib/aarch64-linux-gnu/libcrypto.so (found version "3.0.2")  
[2.394s] -- Found FastRTPS: /opt/ros/humble/include  
[2.473s] -- Using RMW implementation 'rmw_fastrtps_cpp' as default
[2.490s] -- Looking for pthread.h
[2.740s] -- Looking for pthread.h - found
[2.740s] -- Performing Test CMAKE_HAVE_LIBC_PTHREAD
[3.001s] -- Performing Test CMAKE_HAVE_LIBC_PTHREAD - Success
[3.005s] -- Found Threads: TRUE  
[3.159s] -- Found sensor_msgs: 4.9.0 (/opt/ros/humble/share/sensor_msgs/cmake)
[3.229s] -- Found tf2: 0.25.17 (/opt/ros/humble/share/tf2/cmake)
[3.274s] -- Found Boost: /usr/lib/aarch64-linux-gnu/cmake/Boost-1.74.0/BoostConfig.cmake (found version "1.74.0") found components: system 
[3.441s] -- Configuring done
[3.458s] -- Generating done
[3.465s] -- Build files have been written to: /home/orangepi/ros2_ws/build/witmotion_ros2
[3.495s] Invoked command in '/home/orangepi/ros2_ws/build/witmotion_ros2' returned '0': CMAKE_PREFIX_PATH=${CMAKE_PREFIX_PATH}:/opt/ros/humble /usr/bin/cmake /home/orangepi/ros2_ws/src/jy901_for_ros2-main -DCMAKE_INSTALL_PREFIX=/home/orangepi/ros2_ws/install/witmotion_ros2
[3.500s] Invoking command in '/home/orangepi/ros2_ws/build/witmotion_ros2': CMAKE_PREFIX_PATH=${CMAKE_PREFIX_PATH}:/opt/ros/humble /usr/bin/cmake --build /home/orangepi/ros2_ws/build/witmotion_ros2 -- -j8 -l8
[3.683s] [ 33%] [32mBuilding CXX object CMakeFiles/witmotion_ros2.dir/src/witmotion_handler.cpp.o[0m
[3.686s] [ 66%] [32mBuilding CXX object CMakeFiles/witmotion_ros2.dir/src/witmotion_node.cpp.o[0m
[4.044s] In file included from [01m[K/home/orangepi/ros2_ws/src/jy901_for_ros2-main/src/witmotion_handler.cpp:1[m[K:
[4.045s] [01m[K/home/orangepi/ros2_ws/src/jy901_for_ros2-main/include/witmotion_ros2/witmotion_handler.hpp:6:10:[m[K [01;31m[Kfatal error: [m[Kasio.hpp: No such file or directory
[4.045s]     6 | #include [01;31m[K<asio.hpp>[m[K
[4.046s]       |          [01;31m[K^~~~~~~~~~[m[K
[4.046s] compilation terminated.
[4.050s] gmake[2]: *** [CMakeFiles/witmotion_ros2.dir/build.make:90: CMakeFiles/witmotion_ros2.dir/src/witmotion_handler.cpp.o] Error 1
[4.051s] gmake[2]: *** Waiting for unfinished jobs....
[4.089s] In file included from [01m[K/home/orangepi/ros2_ws/src/jy901_for_ros2-main/src/witmotion_node.cpp:1[m[K:
[4.090s] [01m[K/home/orangepi/ros2_ws/src/jy901_for_ros2-main/include/witmotion_ros2/witmotion_node.hpp:19:10:[m[K [01;31m[Kfatal error: [m[Kasio.hpp: No such file or directory
[4.090s]    19 | #include [01;31m[K<asio.hpp>[m[K
[4.091s]       |          [01;31m[K^~~~~~~~~~[m[K
[4.091s] compilation terminated.
[4.095s] gmake[2]: *** [CMakeFiles/witmotion_ros2.dir/build.make:76: CMakeFiles/witmotion_ros2.dir/src/witmotion_node.cpp.o] Error 1
[4.096s] gmake[1]: *** [CMakeFiles/Makefile2:137: CMakeFiles/witmotion_ros2.dir/all] Error 2
[4.097s] gmake: *** [Makefile:146: all] Error 2
[4.105s] Invoked command in '/home/orangepi/ros2_ws/build/witmotion_ros2' returned '2': CMAKE_PREFIX_PATH=${CMAKE_PREFIX_PATH}:/opt/ros/humble /usr/bin/cmake --build /home/orangepi/ros2_ws/build/witmotion_ros2 -- -j8 -l8
