[0.023s] Invoking command in '/home/orangepi/ros2_ws/build/imu_driver': CMAKE_PREFIX_PATH=${CMAKE_PREFIX_PATH}:/opt/ros/humble /usr/bin/cmake --build /home/orangepi/ros2_ws/build/imu_driver -- -j8 -l8
[0.198s] [35m[1mConsolidate compiler generated dependencies of target imu_node[0m
[0.260s] [ 50%] [32mBuilding CXX object CMakeFiles/imu_node.dir/src/imu_node.cpp.o[0m
[7.801s] [100%] [32m[1mLinking CXX executable imu_node[0m
[8.282s] [100%] Built target imu_node
[8.327s] Invoked command in '/home/orangepi/ros2_ws/build/imu_driver' returned '0': CMAKE_PREFIX_PATH=${CMAKE_PREFIX_PATH}:/opt/ros/humble /usr/bin/cmake --build /home/orangepi/ros2_ws/build/imu_driver -- -j8 -l8
[8.367s] Invoking command in '/home/orangepi/ros2_ws/build/imu_driver': CMAKE_PREFIX_PATH=${CMAKE_PREFIX_PATH}:/opt/ros/humble /usr/bin/cmake --install /home/orangepi/ros2_ws/build/imu_driver
[8.393s] -- Install configuration: ""
[8.394s] -- Installing: /home/orangepi/ros2_ws/install/imu_driver/lib/imu_driver/imu_node
[8.400s] -- Set runtime path of "/home/orangepi/ros2_ws/install/imu_driver/lib/imu_driver/imu_node" to ""
[8.401s] -- Up-to-date: /home/orangepi/ros2_ws/install/imu_driver/share/ament_index/resource_index/package_run_dependencies/imu_driver
[8.401s] -- Up-to-date: /home/orangepi/ros2_ws/install/imu_driver/share/ament_index/resource_index/parent_prefix_path/imu_driver
[8.401s] -- Up-to-date: /home/orangepi/ros2_ws/install/imu_driver/share/imu_driver/environment/ament_prefix_path.sh
[8.402s] -- Up-to-date: /home/orangepi/ros2_ws/install/imu_driver/share/imu_driver/environment/ament_prefix_path.dsv
[8.402s] -- Up-to-date: /home/orangepi/ros2_ws/install/imu_driver/share/imu_driver/environment/path.sh
[8.402s] -- Up-to-date: /home/orangepi/ros2_ws/install/imu_driver/share/imu_driver/environment/path.dsv
[8.402s] -- Up-to-date: /home/orangepi/ros2_ws/install/imu_driver/share/imu_driver/local_setup.bash
[8.403s] -- Up-to-date: /home/orangepi/ros2_ws/install/imu_driver/share/imu_driver/local_setup.sh
[8.403s] -- Up-to-date: /home/orangepi/ros2_ws/install/imu_driver/share/imu_driver/local_setup.zsh
[8.403s] -- Up-to-date: /home/orangepi/ros2_ws/install/imu_driver/share/imu_driver/local_setup.dsv
[8.403s] -- Installing: /home/orangepi/ros2_ws/install/imu_driver/share/imu_driver/package.dsv
[8.403s] -- Up-to-date: /home/orangepi/ros2_ws/install/imu_driver/share/ament_index/resource_index/packages/imu_driver
[8.404s] -- Up-to-date: /home/orangepi/ros2_ws/install/imu_driver/share/imu_driver/cmake/imu_driverConfig.cmake
[8.404s] -- Up-to-date: /home/orangepi/ros2_ws/install/imu_driver/share/imu_driver/cmake/imu_driverConfig-version.cmake
[8.404s] -- Up-to-date: /home/orangepi/ros2_ws/install/imu_driver/share/imu_driver/package.xml
[8.411s] Invoked command in '/home/orangepi/ros2_ws/build/imu_driver' returned '0': CMAKE_PREFIX_PATH=${CMAKE_PREFIX_PATH}:/opt/ros/humble /usr/bin/cmake --install /home/orangepi/ros2_ws/build/imu_driver
